<?xml version="1.0" encoding="UTF-8"?>
<testng-results skipped="0" failed="0" total="1" passed="1">
  <reporter-output>
  </reporter-output>
  <suite name="Default suite" duration-ms="28206" started-at="2016-08-31T14:32:38Z" finished-at="2016-08-31T14:33:07Z">
    <groups>
    </groups>
    <test name="Default test" duration-ms="28206" started-at="2016-08-31T14:32:38Z" finished-at="2016-08-31T14:33:07Z">
      <class name="com.umair.facebook.pom.testcases.ProfileTest">
        <test-method status="PASS" signature="testProfile()[pri:0, instance:com.umair.facebook.pom.testcases.ProfileTest@7dc36524]" name="testProfile" duration-ms="28188" started-at="2016-08-31T09:32:38Z" finished-at="2016-08-31T09:33:07Z">
          <reporter-output>
          </reporter-output>
        </test-method> <!-- testProfile -->
      </class> <!-- com.umair.facebook.pom.testcases.ProfileTest -->
    </test> <!-- Default test -->
  </suite> <!-- Default suite -->
</testng-results>
